<?xml version="1.0" encoding="UTF-8"?>
<testng-results ignored="0" total="1" passed="1" failed="0" skipped="0">
  <reporter-output>
  </reporter-output>
  <suite started-at="2025-07-02T06:34:59 AEST" name="Default suite" finished-at="2025-07-02T06:35:14 AEST" duration-ms="14976">
    <groups>
      <group name="smoke">
        <method signature="LoginTest.loginTest()[pri:0, instance:com.ui.tests.LoginTest@42a48628]" name="loginTest" class="com.ui.tests.LoginTest"/>
      </group> <!-- smoke -->
      <group name="e2e">
        <method signature="LoginTest.loginTest()[pri:0, instance:com.ui.tests.LoginTest@42a48628]" name="loginTest" class="com.ui.tests.LoginTest"/>
      </group> <!-- e2e -->
    </groups>
    <test started-at="2025-07-02T06:34:59 AEST" name="Default test" finished-at="2025-07-02T06:35:14 AEST" duration-ms="14976">
      <class name="com.ui.tests.LoginTest">
        <test-method is-config="true" signature="setup()[pri:0, instance:com.ui.tests.LoginTest@42a48628]" started-at="2025-07-02T06:34:59 AEST" name="setup" description="Load the Home Page" finished-at="2025-07-02T06:35:10 AEST" duration-ms="11272" status="PASS">
          <reporter-output>
          </reporter-output>
        </test-method> <!-- setup -->
        <test-method signature="loginTest()[pri:0, instance:com.ui.tests.LoginTest@42a48628]" started-at="2025-07-02T06:35:10 AEST" name="loginTest" description="Verify valid login" finished-at="2025-07-02T06:35:14 AEST" duration-ms="3658" status="PASS">
          <reporter-output>
          </reporter-output>
        </test-method> <!-- loginTest -->
      </class> <!-- com.ui.tests.LoginTest -->
    </test> <!-- Default test -->
  </suite> <!-- Default suite -->
</testng-results>
